make.exe all --print-data-base --no-builtin-variables --no-builtin-rules --question
# GNU Make 3.81
# Copyright (C) 2006  Free Software Foundation, Inc.
# This is free software; see the source for copying conditions.
# There is NO warranty; not even for MERCHANTABILITY or FITNESS FOR A
# PARTICULAR PURPOSE.

# This program built for i386-pc-mingw32
 

# Make data base, printed on Sat Apr 30 23:00:42 2022

# Variables

# automatic
<D = $(patsubst %/,%,$(dir $<))
# automatic
?F = $(notdir $?)
# makefile
MAKEFLAGS = Rrqp
# environment
VSCODE_LOG_NATIVE = false
# automatic
?D = $(patsubst %/,%,$(dir $?))
# environment
PLATFORMIO_IDE = 2.4.3
# automatic
@D = $(patsubst %/,%,$(dir $@))
# environment
HOMEDRIVE = C:
# automatic
@F = $(notdir $@)
# automatic
^D = $(patsubst %/,%,$(dir $^))
# makefile
CURDIR := c:/tugas-besar-os-osengcumi
# default
SHELL := sh.ex 
e
# environment
WINDIR = C:\WINDOWS
# environment
VSCODE_NLS_CONFIG = {"locale":"en-us","availableLanguages":{},"_languagePackSupport":true}
# environment
VBOX_MSI_INSTALL_PATH = C:\Program Files\Oracle\VirtualBox\
# environment
ONEDRIVE = C:\Users\Argakoesoemah\OneDrive - Institut Teknologi Bandung
# environment
MAVEN_HOME = C:\Users\Argakoesoemah\apache-maven-3.8.4
# environment
PATHEXT = .COM;.EXE;.BAT;.CMD;.VBS;.VBE;.JS;.JSE;.WSF;.WSH;.MSC
# makefile (from `makefile', line 1)
MAKEFILE_LIST :=  makefile
# environment
FPS_BROWSER_USER_PROFILE_STRING = Default
# environment
TMP = C:\Users\ARGAKO~1\AppData\Local\Temp
# environment
VSCODE_VERBOSE_LOGGING = true
# environment
PROGRAMW6432 = C:\Program Files
# environment
PROGRAMDATA = C:\ProgramData
# environment
VSCODE_IPC_HOOK_EXTHOST = \\.\pipe\vscode-ipc-93b7d3ed-55c6-4eee-9537-ec1d3312889f-sock
# environment
VSCODE_CWD = C:\Users\Argakoesoemah\AppData\Local\Programs\Microsoft VS Code
# environment
NO_PROXY = 127.0.0.1
# environment
ONLINESERVICES = Online Services
# environment
COMMONPROGRAMW6432 = C:\Program Files\Common Files
# environment
ZES_ENABLE_SYSMAN = 1
# environment
CHOCOLATEYLASTPATHUPDATE = 132728982909171063
# environment
PROCESSOR_ARCHITECTURE = x86
# environment
USERPROFILE = C:\Users\Argakoesoemah
# environment
ALLUSERSPROFILE = C:\ProgramData
# environment
GOPATH = C:\Users\Argakoesoemah\go
# environment
VSCODE_LOG_STACK = false
# environment
NUMBER_OF_PROCESSORS = 8
# environment
ELECTRON_RUN_AS_NODE = 1
# default
.FEATURES := target-speci 
fic order-only second-expansion else-if archives
# automatic
%F = $(notdir $%)
# environment
CHROME_CRASHPAD_PIPE_NAME = \\.\pipe\crashpad_11508_RUQRXIQXMIXDJFZP
# environment
VSCODE_PIPE_LOGGING = true
# environment
COMPUTERNAME = LAPTOP-5P9LFIRM
# environment
PROGRAMFILES = C:\Program Files (x86)
# environment
DRIVERDATA = C:\Windows\System32\Drivers\DriverData
# environment
ORIGINAL_XDG_CURRENT_DESKTOP = undefined
# environment
USERNAME = Argakoesoemah
# environment
PUBLIC = C:\Users\Public
# environment
VSCODE_AMD_ENTRYPOINT = vs/workbench/api/node/extensionHostProcess
# environment
VSCODE_CODE_CACHE_PATH = C:\Users\Argakoesoemah\AppData\Roaming\Code\CachedData\dfd34e8260c270da74b5c2d86d61aee4b6d56977
# environment
APPLICATION_INSIGHTS_NO_DIAGNOSTIC_CHANNEL = 1
# environment
COMMONPROGRAMFILES = C:\Program Files (x86)\Common Files
# environment
LOGONSERVER = \\LAPTOP-5P9LFIRM
# environment
VSCODE_HANDLES_UNCAUGHT_ERRORS = true
# environment
USERDOMAIN = LAPTOP-5P9LFIRM
# environment
PLATFORMIO_PATH = C:\Users\Argakoesoemah\.platformio\penv\Scripts;C:\Users\Argakoesoemah\.platformio\penv;C:\Users\Argakoesoemah\.platformio\python3;C:\Program Files\Common Files\Oracle\Java\javapath;C:\Program Files\Eclipse Foundation\jdk-11.0.12.7-hotspot\bin;C:\WINDOWS\system32;C:\WINDOWS;C:\WINDOWS\System32\Wbem;C:\WINDOWS\System32\WindowsPowerShell\v1.0\;C:\WINDOWS\System32\OpenSSH\;C:\Program Files\Git\cmd;C:\Program Files\nodejs\;C:\ProgramData\chocolatey\bin;C:\mingw64\bin;C:\Program Files\Java\jdk-17;C:\Program Files (x86)\GnuWin32\bin;C:\Program Files\MySQL\MySQL Server 8.0\bin;C:\Program Files\PostgreSQL\14\bin;C:\Users\Argakoesoemah\apache-maven-3.8.4\bin;C:\Program Files\dotnet\;C:\Program Files\Docker\Docker\resources\bin;C:\ProgramData\DockerDesktop\version-bin;C:\Program Files\Go\bin;C:\Program Files\MariaDB 10.6\bin;C:\Program Files\Common Files\Oracle\Java\javapath;C:\Program Files\Eclipse Foundation\jdk-11.0.12.7-hotspot\bin;C:\WINDOWS\system32;C:\WINDOWS;C:\WINDOWS\System32\Wbem;C:\WINDOWS\System32\WindowsPowerShell\v1.0\;C:\WINDOWS\System32\OpenSSH\;C:\Program Files\Git\cmd;C:\Program Files\nodejs\;C:\ProgramData\chocolatey\bin;C:\mingw64\bin;C:\Program Files\Java\jdk-17;C:\Program Files (x86)\GnuWin32\bin;C:\Program Files\MySQL\MySQL Server 8.0\bin;C:\Program Files\PostgreSQL\14\bin;C:\Users\Argakoesoemah\apache-maven-3.8.4\bin;C:\Program Files\dotnet\;C:\Program Files\Docker\Docker\resources\bin;C:\ProgramData\DockerDesktop\version-bin;C:\Program Files\Go\bin;C:\Program Files\MariaDB 10.6\bin;;C:\Users\Argakoesoemah\bin;C:\Program Files\MariaDB 10.6\bin;C:\Program Files\heroku\bin;C:\Program Files\Common Files\Oracle\Java\javapath;C:\Program Files\Eclipse Foundation\jdk-11.0.12.7-hotspot\bin;C:\WINDOWS\system32;C:\WINDOWS;C:\WINDOWS\System32\Wbem;C:\WINDOWS\System32\WindowsPowerShell\v1.0\;C:\WINDOWS\System32\OpenSSH\;C:\Program Files\Git\cmd;C:\Program Files\nodejs\;C:\ProgramData\chocolatey\bin;C:\mingw64\bin;C:\Program Files\Java\jdk-17;C:\Program Files (x86)\GnuWin32\bin;C:\Program Files\MySQL\MySQL Server 8.0\bin;C:\Program Files\PostgreSQL\14\bin;C:\Users\Argakoesoemah\apache-maven-3.8.4\bin;C:\Program Files\dotnet\;C:\Program Files\Docker\Docker\resources\bin;C:\ProgramData\DockerDesktop\version-bin;C:\Program Files\Go\bin;C:\Program Files\MariaDB 10.6\bin;C:\Program Files\Common Files\Oracle\Java\javapath;C:\Program Files\Eclipse Foundation\jdk-11.0.12.7-hotspot\bin;C:\WINDOWS\system32;C:\WINDOWS;C:\WINDOWS\System32\Wbem;C:\WINDOWS\System32\WindowsPowerShell\v1.0\;C:\WINDOWS\System32\OpenSSH\;C:\Program Files\Git\cmd;C:\Program Files\nodejs\;C:\ProgramData\chocolatey\bin;C:\mingw64\bin;C:\Program Files\Java\jdk-17;C:\Program Files (x86)\GnuWin32\bin;C:\Program Files\MySQL\MySQL Server 8.0\bin;C:\Program Files\PostgreSQL\14\bin;C:\Users\Argakoesoemah\apache-maven-3.8.4\bin;C:\Program Files\dotnet\;C:\Program Files\Docker\Docker\resources\bin;C:\ProgramData\DockerDesktop\version-bin;C:\Program Files\Go\bin;C:\Program Files\MariaDB 10.6\bin;;C:\Users\Argakoesoemah\bin;C:\Program Files\MariaDB 10.6\bin;C:\Progra 
m Files\heroku\bin
# environment
INTELLIJ IDEA COMMUNITY EDITION = C:\Users\Argakoesoemah\AppData\Local\JetBrains\IntelliJ IDEA Community Edition 2021.3.2\bin;
# default
MAKE = $(MAKE_COMMAND)
# default
MAKECMDGOALS := all
# environment
PATH = C:\Program Files\Common Files\Oracle\Java\javapath;C:\Program Files\Eclipse Foundation\jdk-11.0.12.7-hotspot\bin;C:\WINDOWS\system32;C:\WINDOWS;C:\WINDOWS\System32\Wbem;C:\WINDOWS\System32\WindowsPowerShell\v1.0\;C:\WINDOWS\System32\OpenSSH\;C:\Program Files\Git\cmd;C:\Program Files\nodejs\;C:\ProgramData\chocolatey\bin;C:\mingw64\bin;C:\Program Files\Java\jdk-17;C:\Program Files (x86)\GnuWin32\bin;C:\Program Files\MySQL\MySQL Server 8.0\bin;C:\Program Files\PostgreSQL\14\bin;C:\Users\Argakoesoemah\apache-maven-3.8.4\bin;C:\Program Files\dotnet\;C:\Program Files\Docker\Docker\resources\bin;C:\ProgramData\DockerDesktop\version-bin;C:\Program Files\Go\bin;C:\Program Files\MariaDB 10.6\bin;C:\Program Files\Common Files\Oracle\Java\javapath;C:\Program Files\Eclipse Foundation\jdk-11.0.12.7-hotspot\bin;C:\WINDOWS\system32;C:\WINDOWS;C:\WINDOWS\System32\Wbem;C:\WINDOWS\System32\WindowsPowerShell\v1.0\;C:\WINDOWS\System32\OpenSSH\;C:\Program Files\Git\cmd;C:\Program Files\nodejs\;C:\ProgramData\chocolatey\bin;C:\mingw64\bin;C:\Program Files\Java\jdk-17;C:\Program Files (x86)\GnuWin32\bin;C:\Program Files\MySQL\MySQL Server 8.0\bin;C:\Program Files\PostgreSQL\14\bin;C:\Users\Argakoesoemah\apache-maven-3.8.4\bin;C:\Program Files\dotnet\;C:\Program Files\Docker\Docker\resources\bin;C:\ProgramData\DockerDesktop\version-bin;C:\Program Files\Go\bin;C:\Program Files\MariaDB 10.6\bin;;C:\Users\Argakoesoemah\bin;C:\Program Files\MariaDB 10.6\bin;C:\Program Files\heroku\bin
# environment
MYSQL_HOME = C:\Program Files\MariaDB 10.6\bin
# environment
ONEDRIVECOMMERCIAL = C:\Users\Argakoesoemah\OneDrive - Institut Teknologi Bandung
# default
MAKE_VERSION := 3.81
# makefile
.DEFAULT_GOAL := all
# environment
PROGRAMFILES(X86) = C:\Program Files (x86)
# automatic
%D = $(patsubst %/,%,$(dir $%))
# 
 environment
LOCALAPPDATA = C:\Users\Argakoesoemah\AppData\Local
# environment
PSMODULEPATH = C:\Program Files\WindowsPowerShell\Modules;C:\WINDOWS\system32\WindowsPowerShell\v1.0\Modules
# default
MAKE_COMMAND := make.exe
# environment
PROCESSOR_ARCHITEW6432 = AMD64
# default
.VARIABLES := 
# automatic
*F = $(notdir $*)
# environment
PROCESSOR_IDENTIFIER = Intel64 Family 6 Model 140 Stepping 1, GenuineIntel
# environment
OS = Windows_NT
# environment
VSCODE_IPC_HOOK = \\.\pipe\4cafe7f17b750288eae333f07c7c3 
69d-1.66.2-main-sock
# environment
HOMEPATH = \Users\Argakoesoemah
# environment
COMMONPROGRAMFILES(X86) = C:\Program Files (x86)\Common Files
# environment
PROMPT = $P$G
# environment
MFLAGS = -Rrqp
# automatic
*D = $(patsubst %/,%,$(dir $*))
# environment
REGIONCODE = APJ
# environment
SYSTEMROOT = C:\WINDOWS
# automatic
+D = $(patsubst %/,%,$(dir $+))
# environment
PLATFORMCODE = KV
# automatic
+F = $(notdir $+)
# environment
APPDATA = C:\Users\Argakoesoemah\AppData\Roaming
# environment
TEMP = C:\Users\ 
ARGAKO~1\AppData\Local\Temp
# environment
COMSPEC = C:\WINDOWS\system32\cmd.exe
# default
MAKEFILES := 
# automatic
<F = $(notdir $<)
# environment
PLATFORMIO_CALLER = vscode
# environment
LC_ALL = C
# automatic
^F = $(notdir $^)
# default
SUFFIXES := 
# environment
SYSTEMDRIVE = C:
# environment
SESSIONNAME = Console
# environment
PROCESSOR_REVISION = 8c01
# environment
MAKELEVEL := 0
# environment
LANG = C
# environment
PROCESSOR_LEVEL = 6
# environment
FPS_BROWSER_APP_PROFILE_STRING = Internet Explorer
# 
 environment
VSCODE_PID = 11508
# environment
USERDOMAIN_ROAMINGPROFILE = LAPTOP-5P9LFIRM
# variable set hash-table stats:
# Load=103/1024=10%, Rehash=0, Collisions=12/125=10%

# Pattern-specific Variable Values

# No pattern-specific variable values.

# Directories

# : could not be stat'd.
# C:\Program Files\heroku\bin (key C:/Program Files/heroku/bin, mtime 1650814071): 4 files, no impossibilities.
# C:\Program Files\Common Files\Oracle\Java\javapath (key C:/Program Files/Common Files/Oracle/Java/javapat 
h, mtime 1632891655): 6 files, no impossibilities.
# C:\Program Files\Docker\Docker\resources\bin (key C:/Program Files/Docker/Docker/resources/bin, mtime 1649323713): 13 files, no impossibilities.
# C:\Program Files\Go\bin (key C:/Program Files/Go/bin, mtime 1650386101): 4 files, no impossibilities.
# C:\WINDOWS\System32\WindowsPowerShell\v1.0\ (key C:/WINDOWS/System32/WindowsPowerShell/v1.0/, mtime 1622898672): 30 files, no impossibilities.
# C:\WINDOWS\System32\Wbem (key C:/WINDOWS/System32/Wbem, mtime 1 
642183616): 155 files, no impossibilities.
# . (key c:/tugas-besar-os-osengcumi, mtime 1651332678): 9 files, no impossibilities.
# C:\Program Files\MariaDB 10.6\bin (key C:/Program Files/MariaDB 10.6/bin, mtime 1643644747): 58 files, no impossibilities.
# C:\Program Files\MySQL\MySQL Server 8.0\bin: could not be stat'd.
# C:\ProgramData\chocolatey\bin (key C:/ProgramData/chocolatey/bin, mtime 1628424690): 13 files, no impossibilities.
# C:\Program Files\nodejs\ (key C:/Program Files/nodejs/, mtime 162842464 
5): 11 files, no impossibilities.
# C:\Users\Argakoesoemah\bin: could not be stat'd.
# C:\WINDOWS\System32\OpenSSH\: could not be stat'd.
# C:\Users\Argakoesoemah\apache-maven-3.8.4\bin (key C:/Users/Argakoesoemah/apache-maven-3.8.4/bin, mtime 1636855968): 8 files, no impossibilities.
# C:\mingw64\bin (key C:/mingw64/bin, mtime 1644478421): 83 files, no impossibilities.
# C:\ProgramData\DockerDesktop\version-bin: could not be stat'd.
# C:\WINDOWS (key C:/WINDOWS, mtime 1650011379): 122 files, no impossibili 
ties.
# C:\Program Files\Eclipse Foundation\jdk-11.0.12.7-hotspot\bin (key C:/Program Files/Eclipse Foundation/jdk-11.0.12.7-hotspot/bin, mtime 1631871285): 127 files, no impossibilities.
# C:\Program Files\dotnet\ (key C:/Program Files/dotnet/, mtime 1647621662): 12 files, no impossibilities.
# C:\Program Files\PostgreSQL\14\bin (key C:/Program Files/PostgreSQL/14/bin, mtime 1640185199): 71 files, no impossibilities.
# C:\Program Files\Git\cmd (key C:/Program Files/Git/cmd, mtime 1628421879): 8 files, no i 
mpossibilities.
# C:\WINDOWS\system32 (key C:/WINDOWS/system32, mtime 1650011850): 2890 files, no impossibilities.
# C:\Program Files\Java\jdk-17 (key C:/Program Files/Java/jdk-17, mtime 1632891655): 10 files, no impossibilities.
# C:\Program Files (x86)\GnuWin32\bin (key C:/Program Files (x86)/GnuWin32/bin, mtime 1635093921): 5 files, no impossibilities.

# 3639 files, no impossibilities in 25 directories.

# Implicit Rules

# No implicit rules.

# Files

clear:
#  Implicit rule search has not been done.
# 
  Modification time never checked.
#  File has not been updated.
#  commands to execute (from `makefile', line 6):
	rm out/*.o
	

build-run: all run
#  Implicit rule search has not been done.
#  Modification time never checked.
#  File has not been updated.

inject-c:
#  Implicit rule search has not been done.
#  Modification time never checked.
#  File has not been updated.
#  commands to execute (from `makefile', line 68):
	mv out/system.img tc_gen
	cd tc_gen && \
	./tester C && \
	cd ..
	mv tc_gen/system 
.img out
	

bootloader:
#  Implicit rule search has not been done.
#  Modification time never checked.
#  File has not been updated.
#  commands to execute (from `makefile', line 12):
	nasm src/asm/bootloader.asm -o out/bootloader
	dd if=out/bootloader of=out/system.img bs=512 count=1 conv=notrunc
	

all: shell-app diskimage inject bootloader stdlib fs_utils bin move shell kernel
#  Command-line target.
#  Implicit rule search has been done.
#  File does not exist.
#  File has been updated.
#  Needs to be u 
pdated (-q is set).
# variable set hash-table stats:
# Load=0/32=0%, Rehash=0, Collisions=0/2=0%

bin:
#  Implicit rule search has not been done.
#  Modification time never checked.
#  File has not been updated.
#  commands to execute (from `makefile', line 35):
	bcc -ansi -c src/c/bin/*.c
	

stdlib:
#  Implicit rule search has not been done.
#  Modification time never checked.
#  File has not been updated.
#  commands to execute (from `makefile', line 32):
	bcc -ansi -c -o out/std_lib.o src/c/std_lib.c
	

 
# Not a target:
.DEFAULT:
#  Implicit rule search has not been done.
#  Modification time never checked.
#  File has not been updated.

injector:
#  Implicit rule search has not been done.
#  Modification time never checked.
#  File has not been updated.
#  commands to execute (from `makefile', line 48):
	gcc src/injector.c tc_gen/tc_lib -o out/injector
	

kernel:
#  Implicit rule search has not been done.
#  Modification time never checked.
#  File has not been updated.
#  commands to execute (from `makefi 
le', line 23):
	bcc -ansi -c -o out/kernel.o src/c/kernel.c
	

# Not a target:
makefile:
#  Implicit rule search has been done.
#  Last modified 2022-04-30 23:00:29
#  File has been updated.
#  Successfully updated.
# variable set hash-table stats:
# Load=0/32=0%, Rehash=0, Collisions=0/0=0%

shell-app:
#  Implicit rule search has not been done.
#  Implicit/static pattern stem: `'
#  File does not exist.
#  File has been updated.
#  Needs to be updated (-q is set).
# automatic
# @ := shell-app
# automatic
# 
 % := 
# automatic
# * := 
# automatic
# + := 
# automatic
# | := 
# automatic
# < := 
# automatic
# ^ := 
# automatic
# ? := 
# variable set hash-table stats:
# Load=8/32=25%, Rehash=0, Collisions=1/10=10%
#  commands to execute (from `makefile', line 16):
	bcc -ansi -c -o out/shell.o src/c/shell.c
	bcc -ansi -c -o out/textio.o src/c/textio.c
	nasm -f as86 src/asm/interrupt.asm -o out/lib_interrupt.o
	ld86 -o out/shell -d out/shell.o out/lib_interrupt.o out/textio.o
	

inject-d:
#  Implicit rule search has 
 not been done.
#  Modification time never checked.
#  File has not been updated.
#  commands to execute (from `makefile', line 75):
	mv out/system.img tc_gen
	cd tc_gen && \
	./tester D && \
	cd ..
	mv tc_gen/system.img out
	

# Not a target:
.SUFFIXES:
#  Implicit rule search has not been done.
#  Modification time never checked.
#  File has not been updated.

fs_utils:
#  Implicit rule search has not been done.
#  Modification time never checked.
#  File has not been updated.
#  commands to execute (from 
 `makefile', line 38):
	bcc -ansi -c -o out/filesystem_utils.o src/c/filesystem_utils.c
	

libraries:
#  Implicit rule search has not been done.
#  Modification time never checked.
#  File has not been updated.
#  commands to execute (from `makefile', line 26):
	bcc -ansi -c -o out/string.o src/c/string.c
	bcc -ansi -c -o out/fileio.o src/c/fileio.c
	bcc -ansi -c -o out/program.o src/c/program.c
	bcc -ansi -c -o out/textio.o src/c/textio.c
	

run:
#  Implicit rule search has not been done.
#  Modification time never checked.
#  File has not been updated.
#  commands to execute (from `makefile', line 82):
	nasm -f as86 src/asm/kernel.asm -o out/kernel_asm.o
	nasm -f as86 src/asm/interrupt.asm -o out/lib_interrupt.o
	ld86 -o out/kernel -d out/kernel.o out/kernel_asm.o out/lib_interrupt.o out/shell_control.o out/mv.o out/cat.o out/cd.o out/ls.o out/mkdir.o out/printCWD.o out/args_split.o out/fs_utils.o out/std_lib.o
	dd if=out/kernel of=out/system.img bs=512 conv=notrunc seek=1
	bochs -f src/config/if2230.config 

	

move:
#  Implicit rule search has not been done.
#  Modification time never checked.
#  File has not been updated.
#  commands to execute (from `makefile', line 41):
	mv src/c/bin/*.o out/
	

inject: injector
#  Implicit rule search has not been done.
#  Modification time never checked.
#  File has not been updated.
#  commands to execute (from `makefile', line 51):
	cd out && ./injector system.img
	

inject-a:
#  Implicit rule search has not been done.
#  Modification time never checked.
#  File has no 
t been updated.
#  commands to execute (from `makefile', line 54):
	mv out/system.img tc_gen
	cd tc_gen && \
	./tester A && \
	cd ..
	mv tc_gen/system.img out
	

shell:
#  Implicit rule search has not been done.
#  Modification time never checked.
#  File has not been updated.
#  commands to execute (from `makefile', line 44):
	bcc -ansi -c -o out/shell_control.o src/c/shell_control.c
	

inject-b:
#  Implicit rule search has not been done.
#  Modification time never checked.
#  File has not been updated.
#  
 commands to execute (from `makefile', line 61):
	mv out/system.img tc_gen
	cd tc_gen && \
	./tester B && \
	cd ..
	mv tc_gen/system.img out
	

diskimage:
#  Implicit rule search has not been done.
#  Modification time never checked.
#  File has not been updated.
#  commands to execute (from `makefile', line 9):
	dd if=/dev/zero of=out/system.img bs=512 count=2880
	

# files hash-table stats:
# Load=23/1024=2%, Rehash=0, Collisions=2/49=4%
# VPATH Search Paths

# No `vpath' search paths.

# No general (`VPA 
TH' variable) search path.

# # of strings in strcache: 1
# # of strcache buffers: 1
# strcache size: total = 4096 / max = 4096 / min = 4096 / avg = 4096
# strcache free: total = 4087 / max = 4087 / min = 4087 / avg = 4087

# Finished Make data base on Sat Apr 30 23:00:42 2022

 
